Flow report for NIOS
Mon Dec 06 23:05:55 2021
Quartus Prime Version 18.1.0 Build 625 09/12/2018 SJ Lite Edition


---------------------
; Table of Contents ;
---------------------
  1. Legal Notice
  2. Flow Summary
  3. Flow Settings
  4. Flow Non-Default Global Settings
  5. Flow Elapsed Time
  6. Flow OS Summary
  7. Flow Log
  8. Flow Messages
  9. Flow Suppressed Messages



----------------
; Legal Notice ;
----------------
Copyright (C) 2018  Intel Corporation. All rights reserved.
Your use of Intel Corporation's design tools, logic functions 
and other software and tools, and its AMPP partner logic 
functions, and any output files from any of the foregoing 
(including device programming or simulation files), and any 
associated documentation or information are expressly subject 
to the terms and conditions of the Intel Program License 
Subscription Agreement, the Intel Quartus Prime License Agreement,
the Intel FPGA IP License Agreement, or other applicable license
agreement, including, without limitation, that your use is for
the sole purpose of programming logic devices manufactured by
Intel and sold by Intel or its authorized distributors.  Please
refer to the applicable agreement for further details.



+----------------------------------------------------------------------------------+
; Flow Summary                                                                     ;
+------------------------------------+---------------------------------------------+
; Flow Status                        ; Successful - Mon Dec 06 23:05:55 2021       ;
; Quartus Prime Version              ; 18.1.0 Build 625 09/12/2018 SJ Lite Edition ;
; Revision Name                      ; NIOS                                        ;
; Top-level Entity Name              ; lab62                                       ;
; Family                             ; MAX 10                                      ;
; Device                             ; 10M50DCF484C7G                              ;
; Timing Models                      ; Final                                       ;
; Total logic elements               ; 18,918 / 49,760 ( 38 % )                    ;
;     Total combinational functions  ; 18,280 / 49,760 ( 37 % )                    ;
;     Dedicated logic registers      ; 2,902 / 49,760 ( 6 % )                      ;
; Total registers                    ; 2971                                        ;
; Total pins                         ; 141 / 360 ( 39 % )                          ;
; Total virtual pins                 ; 0                                           ;
; Total memory bits                  ; 11,264 / 1,677,312 ( < 1 % )                ;
; Embedded Multiplier 9-bit elements ; 8 / 288 ( 3 % )                             ;
; Total PLLs                         ; 1 / 4 ( 25 % )                              ;
; UFM blocks                         ; 0 / 1 ( 0 % )                               ;
; ADC blocks                         ; 0                                           ;
+------------------------------------+---------------------------------------------+


+-----------------------------------------+
; Flow Settings                           ;
+-------------------+---------------------+
; Option            ; Setting             ;
+-------------------+---------------------+
; Start date & time ; 12/06/2021 23:01:58 ;
; Main task         ; Compilation         ;
; Revision Name     ; NIOS                ;
+-------------------+---------------------+


+--------------------------------------------------------------------------------------------------------------------------------------------------------+
; Flow Non-Default Global Settings                                                                                                                       ;
+-------------------------------------+-------------------------------------------------------------+---------------+-------------------+----------------+
; Assignment Name                     ; Value                                                       ; Default Value ; Entity Name       ; Section Id     ;
+-------------------------------------+-------------------------------------------------------------+---------------+-------------------+----------------+
; COMPILER_SIGNATURE_ID               ; 44877756952803.163885331802380                              ; --            ; --                ; --             ;
; EDA_OUTPUT_DATA_FORMAT              ; Systemverilog Hdl                                           ; --            ; --                ; eda_simulation ;
; EDA_SIMULATION_TOOL                 ; ModelSim-Altera (SystemVerilog)                             ; <None>        ; --                ; --             ;
; EDA_TIME_SCALE                      ; 1 ps                                                        ; --            ; --                ; eda_simulation ;
; MAX_CORE_JUNCTION_TEMP              ; 85                                                          ; --            ; --                ; --             ;
; MIN_CORE_JUNCTION_TEMP              ; 0                                                           ; --            ; --                ; --             ;
; MISC_FILE                           ; lab62_soc/synthesis/../lab62_soc.cmp                        ; --            ; --                ; --             ;
; MISC_FILE                           ; lab62_soc/synthesis/../../lab62_soc.qsys                    ; --            ; --                ; --             ;
; PARTITION_COLOR                     ; -- (Not supported for targeted family)                      ; --            ; DE10_LITE_Default ; Top            ;
; PARTITION_COLOR                     ; -- (Not supported for targeted family)                      ; --            ; lab62             ; Top            ;
; PARTITION_FITTER_PRESERVATION_LEVEL ; -- (Not supported for targeted family)                      ; --            ; DE10_LITE_Default ; Top            ;
; PARTITION_FITTER_PRESERVATION_LEVEL ; -- (Not supported for targeted family)                      ; --            ; lab62             ; Top            ;
; PARTITION_NETLIST_TYPE              ; -- (Not supported for targeted family)                      ; --            ; DE10_LITE_Default ; Top            ;
; PARTITION_NETLIST_TYPE              ; -- (Not supported for targeted family)                      ; --            ; lab62             ; Top            ;
; POWER_BOARD_THERMAL_MODEL           ; None (CONSERVATIVE)                                         ; --            ; --                ; --             ;
; POWER_PRESET_COOLING_SOLUTION       ; 23 MM HEAT SINK WITH 200 LFPM AIRFLOW                       ; --            ; --                ; --             ;
; PROJECT_OUTPUT_DIRECTORY            ; output_files                                                ; --            ; --                ; --             ;
; SLD_FILE                            ; lab62_soc/synthesis/lab62_soc.regmap                        ; --            ; --                ; --             ;
; SLD_FILE                            ; lab62_soc/synthesis/lab62_soc.debuginfo                     ; --            ; --                ; --             ;
; SLD_INFO                            ; QSYS_NAME lab62_soc HAS_SOPCINFO 1 GENERATION_ID 1636729795 ; --            ; lab62_soc         ; --             ;
; SOPCINFO_FILE                       ; lab62_soc/synthesis/../../lab62_soc.sopcinfo                ; --            ; --                ; --             ;
; SYNTHESIS_ONLY_QIP                  ; On                                                          ; --            ; --                ; --             ;
; TOP_LEVEL_ENTITY                    ; lab62                                                       ; NIOS          ; --                ; --             ;
+-------------------------------------+-------------------------------------------------------------+---------------+-------------------+----------------+


+--------------------------------------------------------------------------------------------------------------------------+
; Flow Elapsed Time                                                                                                        ;
+----------------------+--------------+-------------------------+---------------------+------------------------------------+
; Module Name          ; Elapsed Time ; Average Processors Used ; Peak Virtual Memory ; Total CPU Time (on all processors) ;
+----------------------+--------------+-------------------------+---------------------+------------------------------------+
; Analysis & Synthesis ; 00:02:30     ; 1.0                     ; 5059 MB             ; 00:02:47                           ;
; Fitter               ; 00:00:54     ; 1.5                     ; 5982 MB             ; 00:01:49                           ;
; Assembler            ; 00:00:04     ; 1.0                     ; 4733 MB             ; 00:00:04                           ;
; Timing Analyzer      ; 00:00:10     ; 2.4                     ; 4985 MB             ; 00:00:23                           ;
; EDA Netlist Writer   ; 00:00:06     ; 1.0                     ; 4893 MB             ; 00:00:05                           ;
; Total                ; 00:03:44     ; --                      ; --                  ; 00:05:08                           ;
+----------------------+--------------+-------------------------+---------------------+------------------------------------+


+------------------------------------------------------------------------------------+
; Flow OS Summary                                                                    ;
+----------------------+------------------+------------+------------+----------------+
; Module Name          ; Machine Hostname ; OS Name    ; OS Version ; Processor type ;
+----------------------+------------------+------------+------------+----------------+
; Analysis & Synthesis ; DESKTOP-C54IMV1  ; Windows 10 ; 10.0       ; x86_64         ;
; Fitter               ; DESKTOP-C54IMV1  ; Windows 10 ; 10.0       ; x86_64         ;
; Assembler            ; DESKTOP-C54IMV1  ; Windows 10 ; 10.0       ; x86_64         ;
; Timing Analyzer      ; DESKTOP-C54IMV1  ; Windows 10 ; 10.0       ; x86_64         ;
; EDA Netlist Writer   ; DESKTOP-C54IMV1  ; Windows 10 ; 10.0       ; x86_64         ;
+----------------------+------------------+------------+------------+----------------+


------------
; Flow Log ;
------------
quartus_map --read_settings_files=on --write_settings_files=off NIOS -c NIOS
quartus_fit --read_settings_files=off --write_settings_files=off NIOS -c NIOS
quartus_asm --read_settings_files=off --write_settings_files=off NIOS -c NIOS
quartus_sta NIOS -c NIOS
quartus_eda --read_settings_files=off --write_settings_files=off NIOS -c NIOS



